# JRE version: OpenJDK Runtime Environment (11.0.10) (build 11.0.10+0-b96-7249189)
# Java VM: OpenJDK 64-Bit Server VM (11.0.10+0-b96-7249189, mixed mode, tiered, compressed oops, g1 gc, windows-amd64)
Heap:
 garbage-first heap   total 260096K, used 206244K [0x0000000080000000, 0x0000000100000000)
  region size 1024K, 62 young (63488K), 5 survivors (5120K)
 Metaspace       used 135944K, capacity 140313K, committed 140620K, reserved 1171456K
  class space    used 17047K, capacity 18660K, committed 18764K, reserved 1048576K
GC Heap History (20 events):
Event: 369.570 GC heap before
{Heap before GC invocations=83 (full 0):
 garbage-first heap   total 260096K, used 157544K [0x0000000080000000, 0x0000000100000000)
  region size 1024K, 31 young (31744K), 2 survivors (2048K)
 Metaspace       used 134611K, capacity 138526K, committed 138700K, reserved 1169408K
  class space    used 16838K, capacity 18276K, committed 18380K, reserved 1048576K
}
Event: 369.580 GC heap after
{Heap after GC invocations=84 (full 0):
 garbage-first heap   total 260096K, used 132366K [0x0000000080000000, 0x0000000100000000)
  region size 1024K, 5 young (5120K), 5 survivors (5120K)
 Metaspace       used 134611K, capacity 138526K, committed 138700K, reserved 1169408K
  class space    used 16838K, capacity 18276K, committed 18380K, reserved 1048576K
}
Event: 371.170 GC heap before
{Heap before GC invocations=85 (full 0):
 garbage-first heap   total 260096K, used 214286K [0x0000000080000000, 0x0000000100000000)
  region size 1024K, 67 young (68608K), 5 survivors (5120K)
 Metaspace       used 134687K, capacity 138656K, committed 138956K, reserved 1169408K
  class space    used 16839K, capacity 18276K, committed 18380K, reserved 1048576K
}
Event: 371.178 GC heap after
{Heap after GC invocations=86 (full 0):
 garbage-first heap   total 260096K, used 135713K [0x0000000080000000, 0x0000000100000000)
  region size 1024K, 8 young (8192K), 8 survivors (8192K)
 Metaspace       used 134687K, capacity 138656K, committed 138956K, reserved 1169408K
  class space    used 16839K, capacity 18276K, committed 18380K, reserved 1048576K
}
Event: 371.190 GC heap before
{Heap before GC invocations=86 (full 0):
 garbage-first heap   total 260096K, used 138785K [0x0000000080000000, 0x0000000100000000)
  region size 1024K, 12 young (12288K), 8 survivors (8192K)
 Metaspace       used 134687K, capacity 138656K, committed 138956K, reserved 1169408K
  class space    used 16839K, capacity 18276K, committed 18380K, reserved 1048576K
}
Event: 371.205 GC heap after
{Heap after GC invocations=87 (full 0):
 garbage-first heap   total 260096K, used 126530K [0x0000000080000000, 0x0000000100000000)
  region size 1024K, 2 young (2048K), 2 survivors (2048K)
 Metaspace       used 134687K, capacity 138656K, committed 138956K, reserved 1169408K
  class space    used 16839K, capacity 18276K, committed 18380K, reserved 1048576K
}
Event: 371.447 GC heap before
{Heap before GC invocations=87 (full 0):
 garbage-first heap   total 260096K, used 195138K [0x0000000080000000, 0x0000000100000000)
  region size 1024K, 70 young (71680K), 2 survivors (2048K)
 Metaspace       used 134706K, capacity 138658K, committed 138956K, reserved 1169408K
  class space    used 16839K, capacity 18276K, committed 18380K, reserved 1048576K
}
Event: 371.460 GC heap after
{Heap after GC invocations=88 (full 0):
 garbage-first heap   total 260096K, used 130626K [0x0000000080000000, 0x0000000100000000)
  region size 1024K, 6 young (6144K), 6 survivors (6144K)
 Metaspace       used 134706K, capacity 138658K, committed 138956K, reserved 1169408K
  class space    used 16839K, capacity 18276K, committed 18380K, reserved 1048576K
}
Event: 389.463 GC heap before
{Heap before GC invocations=89 (full 0):
 garbage-first heap   total 260096K, used 218690K [0x0000000080000000, 0x0000000100000000)
  region size 1024K, 75 young (76800K), 6 survivors (6144K)
 Metaspace       used 135239K, capacity 139334K, committed 139596K, reserved 1171456K
  class space    used 16910K, capacity 18407K, committed 18508K, reserved 1048576K
}
Event: 389.471 GC heap after
{Heap after GC invocations=90 (full 0):
 garbage-first heap   total 260096K, used 132220K [0x0000000080000000, 0x0000000100000000)
  region size 1024K, 7 young (7168K), 7 survivors (7168K)
 Metaspace       used 135239K, capacity 139334K, committed 139596K, reserved 1171456K
  class space    used 16910K, capacity 18407K, committed 18508K, reserved 1048576K
}
Event: 389.517 GC heap before
{Heap before GC invocations=90 (full 0):
 garbage-first heap   total 260096K, used 137340K [0x0000000080000000, 0x0000000100000000)
  region size 1024K, 12 young (12288K), 7 survivors (7168K)
 Metaspace       used 135240K, capacity 139334K, committed 139596K, reserved 1171456K
  class space    used 16910K, capacity 18407K, committed 18508K, reserved 1048576K
}
Event: 389.524 GC heap after
{Heap after GC invocations=91 (full 0):
 garbage-first heap   total 260096K, used 132295K [0x0000000080000000, 0x0000000100000000)
  region size 1024K, 1 young (1024K), 1 survivors (1024K)
 Metaspace       used 135240K, capacity 139334K, committed 139596K, reserved 1171456K
  class space    used 16910K, capacity 18407K, committed 18508K, reserved 1048576K
}
Event: 389.578 GC heap before
{Heap before GC invocations=91 (full 0):
 garbage-first heap   total 260096K, used 144583K [0x0000000080000000, 0x0000000100000000)
  region size 1024K, 14 young (14336K), 1 survivors (1024K)
 Metaspace       used 135309K, capacity 139419K, committed 139596K, reserved 1171456K
  class space    used 16924K, capacity 18434K, committed 18508K, reserved 1048576K
}
Event: 389.582 GC heap after
{Heap after GC invocations=92 (full 0):
 garbage-first heap   total 260096K, used 132894K [0x0000000080000000, 0x0000000100000000)
  region size 1024K, 2 young (2048K), 2 survivors (2048K)
 Metaspace       used 135309K, capacity 139419K, committed 139596K, reserved 1171456K
  class space    used 16924K, capacity 18434K, committed 18508K, reserved 1048576K
}
Event: 391.104 GC heap before
{Heap before GC invocations=93 (full 0):
 garbage-first heap   total 260096K, used 217886K [0x0000000080000000, 0x0000000100000000)
  region size 1024K, 67 young (68608K), 2 survivors (2048K)
 Metaspace       used 135559K, capacity 139810K, committed 139980K, reserved 1171456K
  class space    used 16982K, capacity 18541K, committed 18636K, reserved 1048576K
}
Event: 391.110 GC heap after
{Heap after GC invocations=94 (full 0):
 garbage-first heap   total 260096K, used 136390K [0x0000000080000000, 0x0000000100000000)
  region size 1024K, 5 young (5120K), 5 survivors (5120K)
 Metaspace       used 135559K, capacity 139810K, committed 139980K, reserved 1171456K
  class space    used 16982K, capacity 18541K, committed 18636K, reserved 1048576K
}
Event: 391.122 GC heap before
{Heap before GC invocations=94 (full 0):
 garbage-first heap   total 260096K, used 142534K [0x0000000080000000, 0x0000000100000000)
  region size 1024K, 12 young (12288K), 5 survivors (5120K)
 Metaspace       used 135559K, capacity 139810K, committed 139980K, reserved 1171456K
  class space    used 16982K, capacity 18541K, committed 18636K, reserved 1048576K
}
Event: 391.133 GC heap after
{Heap after GC invocations=95 (full 0):
 garbage-first heap   total 260096K, used 128479K [0x0000000080000000, 0x0000000100000000)
  region size 1024K, 2 young (2048K), 2 survivors (2048K)
 Metaspace       used 135559K, capacity 139810K, committed 139980K, reserved 1171456K
  class space    used 16982K, capacity 18541K, committed 18636K, reserved 1048576K
}
Event: 391.409 GC heap before
{Heap before GC invocations=95 (full 0):
 garbage-first heap   total 260096K, used 199135K [0x0000000080000000, 0x0000000100000000)
  region size 1024K, 72 young (73728K), 2 survivors (2048K)
 Metaspace       used 135587K, capacity 139882K, committed 139980K, reserved 1171456K
  class space    used 16983K, capacity 18542K, committed 18636K, reserved 1048576K
}
Event: 391.418 GC heap after
{Heap after GC invocations=96 (full 0):
 garbage-first heap   total 260096K, used 131492K [0x0000000080000000, 0x0000000100000000)
  region size 1024K, 5 young (5120K), 5 survivors (5120K)
 Metaspace       used 135587K, capacity 139882K, committed 139980K, reserved 1171456K
  class space    used 16983K, capacity 18542K, committed 18636K, reserved 1048576K
}

